<?xml version="1.0" encoding="UTF-8"?>
<!-- Generated by org.testng.reporters.JUnitReportReporter -->
<testsuite skipped="0" hostname="NoteAlex" name="by.htp.mailrutestproject.ta.RunTest" tests="1" failures="0" timestamp="02 янв 2018 16:01:09 GMT" time="22.175" errors="0">
  <testcase name="logIn" time="22.175" classname="by.htp.mailrutestproject.ta.RunTest"/>
</testsuite> <!-- by.htp.mailrutestproject.ta.RunTest -->
